[2022-10-08 15:24:13] 【任务id】：BT26HGWcs4SIxdrC; 【ERROR】：Traceback (most recent call last):
  File "D:\安全\自研工具\seninfo\MScan20220831\MScan\scan_test3.py", line 123, in mscan
    if 'message' in body['data'][m]:
                    ~~~~~~~~~~~~^^^
KeyError: 0
[2022-10-08 15:24:28] 【任务id】：J9dXY2f6TebK1RIn; 【ERROR】：Traceback (most recent call last):
  File "D:\安全\自研工具\seninfo\MScan20220831\MScan\scan_test3.py", line 123, in mscan
    if 'message' in body['data'][m]:
                    ~~~~~~~~~~~~^^^
KeyError: 0
[2022-10-08 15:26:46] 【任务id】：QDPS1vRA2EZtXKf3; 【ERROR】：Traceback (most recent call last):
  File "D:\安全\自研工具\seninfo\MScan20220831\MScan\scan_test3.py", line 123, in mscan
    if 'message' in body['data'][m]:
                    ~~~~~~~~~~~~^^^
KeyError: 0
[2022-10-08 15:43:32] 【任务id】：dAWMe6Zq8y1PcRls; 【ERROR】：Traceback (most recent call last):
  File "D:\安全\自研工具\seninfo\MScan20220831\MScan\scan_test3.py", line 123, in mscan
    if 'message' in body['data'][m]:
                    ~~~~~~~~~~~~^^^
KeyError: 0
[2022-10-08 16:02:25] 【任务id】：HxU4NrIM6dYcSyzn; 【ERROR】：Traceback (most recent call last):
  File "D:\安全\自研工具\seninfo\MScan20220831\MScan\scan_test3.py", line 123, in mscan
    if 'message' in body['data'][m]:
                    ~~~~~~~~~~~~^^^
KeyError: 0
[2022-10-08 16:15:34] 【任务id】：3ckbHyURqv8wYaxe; 【ERROR】：Traceback (most recent call last):
  File "D:\安全\自研工具\seninfo\MScan20220831\MScan\scan_test3.py", line 123, in mscan
    if 'message' in body['data'][m]:
                    ~~~~~~~~~~~~^^^
KeyError: 0
[2022-10-08 16:15:43] 【任务id】：tE8xY2rb4gw1dSHk; 【ERROR】：Traceback (most recent call last):
  File "D:\安全\自研工具\seninfo\MScan20220831\MScan\scan_test3.py", line 123, in mscan
    if 'message' in body['data'][m]:
                    ~~~~~~~~~~~~^^^
KeyError: 0
[2022-10-08 16:15:52] 【任务id】：TnAkprQugi79HeEz; 【ERROR】：Traceback (most recent call last):
  File "D:\安全\自研工具\seninfo\MScan20220831\MScan\scan_test3.py", line 123, in mscan
    if 'message' in body['data'][m]:
                    ~~~~~~~~~~~~^^^
KeyError: 0
[2022-10-08 16:16:00] 【任务id】：sZnJOuPLyp0cdwRG; 【ERROR】：Traceback (most recent call last):
  File "D:\安全\自研工具\seninfo\MScan20220831\MScan\scan_test3.py", line 123, in mscan
    if 'message' in body['data'][m]:
                    ~~~~~~~~~~~~^^^
KeyError: 0
[2022-10-08 16:16:10] 【任务id】：BgeRh4Ut8H93vrXK; 【ERROR】：Traceback (most recent call last):
  File "D:\安全\自研工具\seninfo\MScan20220831\MScan\scan_test3.py", line 123, in mscan
    if 'message' in body['data'][m]:
                    ~~~~~~~~~~~~^^^
KeyError: 0
[2022-10-08 16:16:17] 【任务id】：QyLfNxRC7UKecI4h; 【ERROR】：Traceback (most recent call last):
  File "D:\安全\自研工具\seninfo\MScan20220831\MScan\scan_test3.py", line 123, in mscan
    if 'message' in body['data'][m]:
                    ~~~~~~~~~~~~^^^
KeyError: 0
[2022-10-08 16:16:28] 【任务id】：Rhmo89r0tbNiFpBk; 【ERROR】：Traceback (most recent call last):
  File "D:\安全\自研工具\seninfo\MScan20220831\MScan\scan_test3.py", line 123, in mscan
    if 'message' in body['data'][m]:
                    ~~~~~~~~~~~~^^^
KeyError: 0
[2022-10-08 16:16:35] 【任务id】：zYFEsSNTfdAplv9K; 【ERROR】：Traceback (most recent call last):
  File "D:\安全\自研工具\seninfo\MScan20220831\MScan\scan_test3.py", line 123, in mscan
    if 'message' in body['data'][m]:
                    ~~~~~~~~~~~~^^^
KeyError: 0
[2022-10-08 16:31:24] 【任务id】：xEYnU65krmR2waVO; 【ERROR】：Traceback (most recent call last):
  File "D:\安全\自研工具\seninfo\MScan20220831\MScan\scan_test3.py", line 123, in mscan
    if 'message' in body['data'][m]:
                    ~~~~~~~~~~~~^^^
KeyError: 0
